<?xml version="1.0" encoding="UTF-8"?>
<testsuite xmlns:xsi="http://www.w3.org/2001/XMLSchema-instance" xsi:noNamespaceSchemaLocation="https://maven.apache.org/surefire/maven-surefire-plugin/xsd/surefire-test-report.xsd" name="com.github.jianqibot.wxshop.service.GoodsServiceTest" time="0.595" tests="9" errors="0" skipped="0" failures="0">
  <properties>
    <property name="sun.desktop" value="gnome"/>
    <property name="awt.toolkit" value="sun.awt.X11.XToolkit"/>
    <property name="java.specification.version" value="11"/>
    <property name="sun.cpu.isalist" value=""/>
    <property name="sun.jnu.encoding" value="UTF-8"/>
    <property name="java.class.path" value="/home/jianqi/Documents/jianqi/Study/java/project/wx-shop/target/test-classes:/home/jianqi/Documents/jianqi/Study/java/project/wx-shop/target/classes:/home/jianqi/.m2/repository/org/springframework/boot/spring-boot-starter-jdbc/2.6.2/spring-boot-starter-jdbc-2.6.2.jar:/home/jianqi/.m2/repository/org/springframework/boot/spring-boot-starter/2.6.2/spring-boot-starter-2.6.2.jar:/home/jianqi/.m2/repository/org/springframework/boot/spring-boot/2.6.2/spring-boot-2.6.2.jar:/home/jianqi/.m2/repository/org/springframework/boot/spring-boot-autoconfigure/2.6.2/spring-boot-autoconfigure-2.6.2.jar:/home/jianqi/.m2/repository/org/springframework/boot/spring-boot-starter-logging/2.6.2/spring-boot-starter-logging-2.6.2.jar:/home/jianqi/.m2/repository/ch/qos/logback/logback-classic/1.2.9/logback-classic-1.2.9.jar:/home/jianqi/.m2/repository/ch/qos/logback/logback-core/1.2.9/logback-core-1.2.9.jar:/home/jianqi/.m2/repository/org/apache/logging/log4j/log4j-to-slf4j/2.17.0/log4j-to-slf4j-2.17.0.jar:/home/jianqi/.m2/repository/org/apache/logging/log4j/log4j-api/2.17.0/log4j-api-2.17.0.jar:/home/jianqi/.m2/repository/org/slf4j/jul-to-slf4j/1.7.32/jul-to-slf4j-1.7.32.jar:/home/jianqi/.m2/repository/jakarta/annotation/jakarta.annotation-api/1.3.5/jakarta.annotation-api-1.3.5.jar:/home/jianqi/.m2/repository/org/yaml/snakeyaml/1.29/snakeyaml-1.29.jar:/home/jianqi/.m2/repository/com/zaxxer/HikariCP/4.0.3/HikariCP-4.0.3.jar:/home/jianqi/.m2/repository/org/springframework/spring-jdbc/5.3.14/spring-jdbc-5.3.14.jar:/home/jianqi/.m2/repository/org/springframework/spring-beans/5.3.14/spring-beans-5.3.14.jar:/home/jianqi/.m2/repository/org/springframework/spring-tx/5.3.14/spring-tx-5.3.14.jar:/home/jianqi/.m2/repository/org/springframework/boot/spring-boot-starter-web/2.6.2/spring-boot-starter-web-2.6.2.jar:/home/jianqi/.m2/repository/org/springframework/boot/spring-boot-starter-json/2.6.2/spring-boot-starter-json-2.6.2.jar:/home/jianqi/.m2/repository/com/fasterxml/jackson/datatype/jackson-datatype-jdk8/2.13.1/jackson-datatype-jdk8-2.13.1.jar:/home/jianqi/.m2/repository/com/fasterxml/jackson/module/jackson-module-parameter-names/2.13.1/jackson-module-parameter-names-2.13.1.jar:/home/jianqi/.m2/repository/org/springframework/boot/spring-boot-starter-tomcat/2.6.2/spring-boot-starter-tomcat-2.6.2.jar:/home/jianqi/.m2/repository/org/apache/tomcat/embed/tomcat-embed-core/9.0.56/tomcat-embed-core-9.0.56.jar:/home/jianqi/.m2/repository/org/apache/tomcat/embed/tomcat-embed-el/9.0.56/tomcat-embed-el-9.0.56.jar:/home/jianqi/.m2/repository/org/apache/tomcat/embed/tomcat-embed-websocket/9.0.56/tomcat-embed-websocket-9.0.56.jar:/home/jianqi/.m2/repository/org/springframework/spring-web/5.3.14/spring-web-5.3.14.jar:/home/jianqi/.m2/repository/org/springframework/spring-webmvc/5.3.14/spring-webmvc-5.3.14.jar:/home/jianqi/.m2/repository/org/springframework/spring-aop/5.3.14/spring-aop-5.3.14.jar:/home/jianqi/.m2/repository/org/springframework/spring-context/5.3.14/spring-context-5.3.14.jar:/home/jianqi/.m2/repository/org/springframework/spring-expression/5.3.14/spring-expression-5.3.14.jar:/home/jianqi/.m2/repository/org/mybatis/spring/boot/mybatis-spring-boot-starter/2.2.1/mybatis-spring-boot-starter-2.2.1.jar:/home/jianqi/.m2/repository/org/mybatis/spring/boot/mybatis-spring-boot-autoconfigure/2.2.1/mybatis-spring-boot-autoconfigure-2.2.1.jar:/home/jianqi/.m2/repository/org/mybatis/mybatis/3.5.9/mybatis-3.5.9.jar:/home/jianqi/.m2/repository/org/mybatis/mybatis-spring/2.0.6/mybatis-spring-2.0.6.jar:/home/jianqi/.m2/repository/mysql/mysql-connector-java/8.0.27/mysql-connector-java-8.0.27.jar:/home/jianqi/.m2/repository/org/springframework/boot/spring-boot-starter-test/2.6.2/spring-boot-starter-test-2.6.2.jar:/home/jianqi/.m2/repository/org/springframework/boot/spring-boot-test/2.6.2/spring-boot-test-2.6.2.jar:/home/jianqi/.m2/repository/org/springframework/boot/spring-boot-test-autoconfigure/2.6.2/spring-boot-test-autoconfigure-2.6.2.jar:/home/jianqi/.m2/repository/com/jayway/jsonpath/json-path/2.6.0/json-path-2.6.0.jar:/home/jianqi/.m2/repository/net/minidev/json-smart/2.4.7/json-smart-2.4.7.jar:/home/jianqi/.m2/repository/net/minidev/accessors-smart/2.4.7/accessors-smart-2.4.7.jar:/home/jianqi/.m2/repository/jakarta/xml/bind/jakarta.xml.bind-api/2.3.3/jakarta.xml.bind-api-2.3.3.jar:/home/jianqi/.m2/repository/jakarta/activation/jakarta.activation-api/1.2.2/jakarta.activation-api-1.2.2.jar:/home/jianqi/.m2/repository/org/assertj/assertj-core/3.21.0/assertj-core-3.21.0.jar:/home/jianqi/.m2/repository/org/hamcrest/hamcrest/2.2/hamcrest-2.2.jar:/home/jianqi/.m2/repository/org/junit/jupiter/junit-jupiter/5.8.2/junit-jupiter-5.8.2.jar:/home/jianqi/.m2/repository/org/junit/jupiter/junit-jupiter-params/5.8.2/junit-jupiter-params-5.8.2.jar:/home/jianqi/.m2/repository/org/junit/jupiter/junit-jupiter-engine/5.8.2/junit-jupiter-engine-5.8.2.jar:/home/jianqi/.m2/repository/org/junit/platform/junit-platform-engine/1.8.2/junit-platform-engine-1.8.2.jar:/home/jianqi/.m2/repository/org/mockito/mockito-core/4.0.0/mockito-core-4.0.0.jar:/home/jianqi/.m2/repository/net/bytebuddy/byte-buddy/1.11.22/byte-buddy-1.11.22.jar:/home/jianqi/.m2/repository/net/bytebuddy/byte-buddy-agent/1.11.22/byte-buddy-agent-1.11.22.jar:/home/jianqi/.m2/repository/org/objenesis/objenesis/3.2/objenesis-3.2.jar:/home/jianqi/.m2/repository/org/skyscreamer/jsonassert/1.5.0/jsonassert-1.5.0.jar:/home/jianqi/.m2/repository/com/vaadin/external/google/android-json/0.0.20131108.vaadin1/android-json-0.0.20131108.vaadin1.jar:/home/jianqi/.m2/repository/org/springframework/spring-core/5.3.14/spring-core-5.3.14.jar:/home/jianqi/.m2/repository/org/springframework/spring-jcl/5.3.14/spring-jcl-5.3.14.jar:/home/jianqi/.m2/repository/org/springframework/spring-test/5.3.14/spring-test-5.3.14.jar:/home/jianqi/.m2/repository/org/xmlunit/xmlunit-core/2.8.4/xmlunit-core-2.8.4.jar:/home/jianqi/.m2/repository/org/apache/shiro/shiro-core/1.8.0/shiro-core-1.8.0.jar:/home/jianqi/.m2/repository/org/apache/shiro/shiro-lang/1.8.0/shiro-lang-1.8.0.jar:/home/jianqi/.m2/repository/org/apache/shiro/shiro-cache/1.8.0/shiro-cache-1.8.0.jar:/home/jianqi/.m2/repository/org/apache/shiro/shiro-crypto-hash/1.8.0/shiro-crypto-hash-1.8.0.jar:/home/jianqi/.m2/repository/org/apache/shiro/shiro-crypto-core/1.8.0/shiro-crypto-core-1.8.0.jar:/home/jianqi/.m2/repository/org/apache/shiro/shiro-crypto-cipher/1.8.0/shiro-crypto-cipher-1.8.0.jar:/home/jianqi/.m2/repository/org/apache/shiro/shiro-config-core/1.8.0/shiro-config-core-1.8.0.jar:/home/jianqi/.m2/repository/org/apache/shiro/shiro-config-ogdl/1.8.0/shiro-config-ogdl-1.8.0.jar:/home/jianqi/.m2/repository/commons-beanutils/commons-beanutils/1.9.4/commons-beanutils-1.9.4.jar:/home/jianqi/.m2/repository/org/apache/shiro/shiro-event/1.8.0/shiro-event-1.8.0.jar:/home/jianqi/.m2/repository/org/apache/shiro/shiro-spring/1.8.0/shiro-spring-1.8.0.jar:/home/jianqi/.m2/repository/org/apache/shiro/shiro-web/1.8.0/shiro-web-1.8.0.jar:/home/jianqi/.m2/repository/org/owasp/encoder/encoder/1.2.2/encoder-1.2.2.jar:/home/jianqi/.m2/repository/com/google/code/findbugs/annotations/3.0.1/annotations-3.0.1.jar:/home/jianqi/.m2/repository/net/jcip/jcip-annotations/1.0/jcip-annotations-1.0.jar:/home/jianqi/.m2/repository/com/google/code/findbugs/jsr305/3.0.1/jsr305-3.0.1.jar:/home/jianqi/.m2/repository/javax/inject/javax.inject/1/javax.inject-1.jar:/home/jianqi/.m2/repository/org/flywaydb/flyway-core/8.4.4/flyway-core-8.4.4.jar:/home/jianqi/.m2/repository/org/flywaydb/flyway-mysql/8.4.4/flyway-mysql-8.4.4.jar:/home/jianqi/.m2/repository/org/mybatis/generator/mybatis-generator-maven-plugin/1.3.7/mybatis-generator-maven-plugin-1.3.7.jar:/home/jianqi/.m2/repository/org/apache/maven/maven-plugin-api/3.5.4/maven-plugin-api-3.5.4.jar:/home/jianqi/.m2/repository/org/apache/maven/maven-model/3.5.4/maven-model-3.5.4.jar:/home/jianqi/.m2/repository/org/apache/maven/maven-artifact/3.5.4/maven-artifact-3.5.4.jar:/home/jianqi/.m2/repository/org/eclipse/sisu/org.eclipse.sisu.plexus/0.3.3/org.eclipse.sisu.plexus-0.3.3.jar:/home/jianqi/.m2/repository/javax/enterprise/cdi-api/1.0/cdi-api-1.0.jar:/home/jianqi/.m2/repository/javax/annotation/jsr250-api/1.0/jsr250-api-1.0.jar:/home/jianqi/.m2/repository/org/eclipse/sisu/org.eclipse.sisu.inject/0.3.3/org.eclipse.sisu.inject-0.3.3.jar:/home/jianqi/.m2/repository/org/codehaus/plexus/plexus-utils/3.1.0/plexus-utils-3.1.0.jar:/home/jianqi/.m2/repository/org/codehaus/plexus/plexus-classworlds/2.5.2/plexus-classworlds-2.5.2.jar:/home/jianqi/.m2/repository/org/mybatis/generator/mybatis-generator-core/1.3.7/mybatis-generator-core-1.3.7.jar:/home/jianqi/.m2/repository/com/qiukeke/mybatis-generator-limit-plugin/1.0.4/mybatis-generator-limit-plugin-1.0.4.jar:/home/jianqi/.m2/repository/org/mockito/mockito-junit-jupiter/4.3.1/mockito-junit-jupiter-4.3.1.jar:/home/jianqi/.m2/repository/org/junit/jupiter/junit-jupiter-api/5.8.2/junit-jupiter-api-5.8.2.jar:/home/jianqi/.m2/repository/org/opentest4j/opentest4j/1.2.0/opentest4j-1.2.0.jar:/home/jianqi/.m2/repository/org/junit/platform/junit-platform-commons/1.8.2/junit-platform-commons-1.8.2.jar:/home/jianqi/.m2/repository/org/apiguardian/apiguardian-api/1.1.2/apiguardian-api-1.1.2.jar:/home/jianqi/.m2/repository/org/jetbrains/annotations/23.0.0/annotations-23.0.0.jar:/home/jianqi/.m2/repository/org/mybatis/mybatis-typehandlers-jsr310/1.0.2/mybatis-typehandlers-jsr310-1.0.2.jar:/home/jianqi/.m2/repository/com/fasterxml/jackson/datatype/jackson-datatype-jsr310/2.13.1/jackson-datatype-jsr310-2.13.1.jar:/home/jianqi/.m2/repository/com/fasterxml/jackson/core/jackson-annotations/2.13.1/jackson-annotations-2.13.1.jar:/home/jianqi/.m2/repository/com/fasterxml/jackson/core/jackson-core/2.13.1/jackson-core-2.13.1.jar:/home/jianqi/.m2/repository/com/fasterxml/jackson/core/jackson-databind/2.13.1/jackson-databind-2.13.1.jar:/home/jianqi/.m2/repository/org/apache/dubbo/dubbo-spring-boot-starter/3.0.5/dubbo-spring-boot-starter-3.0.5.jar:/home/jianqi/.m2/repository/org/apache/dubbo/dubbo-spring-boot-autoconfigure/3.0.5/dubbo-spring-boot-autoconfigure-3.0.5.jar:/home/jianqi/.m2/repository/org/apache/dubbo/dubbo-spring-boot-autoconfigure-compatible/3.0.5/dubbo-spring-boot-autoconfigure-compatible-3.0.5.jar:/home/jianqi/.m2/repository/org/apache/dubbo/dubbo/3.0.5/dubbo-3.0.5.jar:/home/jianqi/.m2/repository/com/alibaba/spring/spring-context-support/1.0.8/spring-context-support-1.0.8.jar:/home/jianqi/.m2/repository/org/javassist/javassist/3.23.1-GA/javassist-3.23.1-GA.jar:/home/jianqi/.m2/repository/io/netty/netty-all/4.1.72.Final/netty-all-4.1.72.Final.jar:/home/jianqi/.m2/repository/io/netty/netty-buffer/4.1.72.Final/netty-buffer-4.1.72.Final.jar:/home/jianqi/.m2/repository/io/netty/netty-codec/4.1.72.Final/netty-codec-4.1.72.Final.jar:/home/jianqi/.m2/repository/io/netty/netty-codec-dns/4.1.72.Final/netty-codec-dns-4.1.72.Final.jar:/home/jianqi/.m2/repository/io/netty/netty-codec-haproxy/4.1.72.Final/netty-codec-haproxy-4.1.72.Final.jar:/home/jianqi/.m2/repository/io/netty/netty-codec-http/4.1.72.Final/netty-codec-http-4.1.72.Final.jar:/home/jianqi/.m2/repository/io/netty/netty-codec-http2/4.1.72.Final/netty-codec-http2-4.1.72.Final.jar:/home/jianqi/.m2/repository/io/netty/netty-codec-memcache/4.1.72.Final/netty-codec-memcache-4.1.72.Final.jar:/home/jianqi/.m2/repository/io/netty/netty-codec-mqtt/4.1.72.Final/netty-codec-mqtt-4.1.72.Final.jar:/home/jianqi/.m2/repository/io/netty/netty-codec-redis/4.1.72.Final/netty-codec-redis-4.1.72.Final.jar:/home/jianqi/.m2/repository/io/netty/netty-codec-smtp/4.1.72.Final/netty-codec-smtp-4.1.72.Final.jar:/home/jianqi/.m2/repository/io/netty/netty-codec-socks/4.1.72.Final/netty-codec-socks-4.1.72.Final.jar:/home/jianqi/.m2/repository/io/netty/netty-codec-stomp/4.1.72.Final/netty-codec-stomp-4.1.72.Final.jar:/home/jianqi/.m2/repository/io/netty/netty-codec-xml/4.1.72.Final/netty-codec-xml-4.1.72.Final.jar:/home/jianqi/.m2/repository/io/netty/netty-common/4.1.72.Final/netty-common-4.1.72.Final.jar:/home/jianqi/.m2/repository/io/netty/netty-handler/4.1.72.Final/netty-handler-4.1.72.Final.jar:/home/jianqi/.m2/repository/io/netty/netty-tcnative-classes/2.0.46.Final/netty-tcnative-classes-2.0.46.Final.jar:/home/jianqi/.m2/repository/io/netty/netty-handler-proxy/4.1.72.Final/netty-handler-proxy-4.1.72.Final.jar:/home/jianqi/.m2/repository/io/netty/netty-resolver/4.1.72.Final/netty-resolver-4.1.72.Final.jar:/home/jianqi/.m2/repository/io/netty/netty-resolver-dns/4.1.72.Final/netty-resolver-dns-4.1.72.Final.jar:/home/jianqi/.m2/repository/io/netty/netty-transport/4.1.72.Final/netty-transport-4.1.72.Final.jar:/home/jianqi/.m2/repository/io/netty/netty-transport-rxtx/4.1.72.Final/netty-transport-rxtx-4.1.72.Final.jar:/home/jianqi/.m2/repository/io/netty/netty-transport-sctp/4.1.72.Final/netty-transport-sctp-4.1.72.Final.jar:/home/jianqi/.m2/repository/io/netty/netty-transport-udt/4.1.72.Final/netty-transport-udt-4.1.72.Final.jar:/home/jianqi/.m2/repository/io/netty/netty-transport-classes-epoll/4.1.72.Final/netty-transport-classes-epoll-4.1.72.Final.jar:/home/jianqi/.m2/repository/io/netty/netty-transport-native-unix-common/4.1.72.Final/netty-transport-native-unix-common-4.1.72.Final.jar:/home/jianqi/.m2/repository/io/netty/netty-transport-classes-kqueue/4.1.72.Final/netty-transport-classes-kqueue-4.1.72.Final.jar:/home/jianqi/.m2/repository/io/netty/netty-resolver-dns-classes-macos/4.1.72.Final/netty-resolver-dns-classes-macos-4.1.72.Final.jar:/home/jianqi/.m2/repository/io/netty/netty-transport-native-epoll/4.1.72.Final/netty-transport-native-epoll-4.1.72.Final-linux-x86_64.jar:/home/jianqi/.m2/repository/io/netty/netty-transport-native-epoll/4.1.72.Final/netty-transport-native-epoll-4.1.72.Final-linux-aarch_64.jar:/home/jianqi/.m2/repository/io/netty/netty-transport-native-kqueue/4.1.72.Final/netty-transport-native-kqueue-4.1.72.Final-osx-x86_64.jar:/home/jianqi/.m2/repository/io/netty/netty-transport-native-kqueue/4.1.72.Final/netty-transport-native-kqueue-4.1.72.Final-osx-aarch_64.jar:/home/jianqi/.m2/repository/io/netty/netty-resolver-dns-native-macos/4.1.72.Final/netty-resolver-dns-native-macos-4.1.72.Final-osx-x86_64.jar:/home/jianqi/.m2/repository/io/netty/netty-resolver-dns-native-macos/4.1.72.Final/netty-resolver-dns-native-macos-4.1.72.Final-osx-aarch_64.jar:/home/jianqi/.m2/repository/com/google/code/gson/gson/2.8.9/gson-2.8.9.jar:/home/jianqi/.m2/repository/com/alibaba/fastjson/1.2.70/fastjson-1.2.70.jar:/home/jianqi/.m2/repository/org/apache/curator/curator-x-discovery/4.2.0/curator-x-discovery-4.2.0.jar:/home/jianqi/.m2/repository/org/apache/curator/curator-recipes/4.2.0/curator-recipes-4.2.0.jar:/home/jianqi/.m2/repository/org/apache/curator/curator-framework/4.2.0/curator-framework-4.2.0.jar:/home/jianqi/.m2/repository/org/apache/curator/curator-client/4.2.0/curator-client-4.2.0.jar:/home/jianqi/.m2/repository/org/apache/zookeeper/zookeeper/3.4.13/zookeeper-3.4.13.jar:/home/jianqi/.m2/repository/log4j/log4j/1.2.17/log4j-1.2.17.jar:/home/jianqi/.m2/repository/jline/jline/0.9.94/jline-0.9.94.jar:/home/jianqi/.m2/repository/org/apache/yetus/audience-annotations/0.5.0/audience-annotations-0.5.0.jar:/home/jianqi/.m2/repository/org/crazycake/shiro-redis/3.3.1/shiro-redis-3.3.1.jar:/home/jianqi/.m2/repository/redis/clients/jedis/3.7.1/jedis-3.7.1.jar:/home/jianqi/.m2/repository/org/apache/commons/commons-pool2/2.11.1/commons-pool2-2.11.1.jar:/home/jianqi/.m2/repository/org/slf4j/slf4j-api/1.7.32/slf4j-api-1.7.32.jar:/home/jianqi/.m2/repository/org/apache/maven/plugins/maven-checkstyle-plugin/3.1.0/maven-checkstyle-plugin-3.1.0.jar:/home/jianqi/.m2/repository/org/apache/maven/maven-core/3.0/maven-core-3.0.jar:/home/jianqi/.m2/repository/org/apache/maven/maven-settings-builder/3.0/maven-settings-builder-3.0.jar:/home/jianqi/.m2/repository/org/apache/maven/maven-repository-metadata/3.0/maven-repository-metadata-3.0.jar:/home/jianqi/.m2/repository/org/apache/maven/maven-model-builder/3.0/maven-model-builder-3.0.jar:/home/jianqi/.m2/repository/org/apache/maven/maven-aether-provider/3.0/maven-aether-provider-3.0.jar:/home/jianqi/.m2/repository/org/sonatype/aether/aether-impl/1.7/aether-impl-1.7.jar:/home/jianqi/.m2/repository/org/sonatype/aether/aether-spi/1.7/aether-spi-1.7.jar:/home/jianqi/.m2/repository/org/sonatype/aether/aether-api/1.7/aether-api-1.7.jar:/home/jianqi/.m2/repository/org/sonatype/aether/aether-util/1.7/aether-util-1.7.jar:/home/jianqi/.m2/repository/org/sonatype/sisu/sisu-inject-plexus/1.4.2/sisu-inject-plexus-1.4.2.jar:/home/jianqi/.m2/repository/org/sonatype/sisu/sisu-inject-bean/1.4.2/sisu-inject-bean-1.4.2.jar:/home/jianqi/.m2/repository/org/sonatype/sisu/sisu-guice/2.1.7/sisu-guice-2.1.7-noaop.jar:/home/jianqi/.m2/repository/org/sonatype/plexus/plexus-sec-dispatcher/1.3/plexus-sec-dispatcher-1.3.jar:/home/jianqi/.m2/repository/org/sonatype/plexus/plexus-cipher/1.4/plexus-cipher-1.4.jar:/home/jianqi/.m2/repository/org/apache/maven/reporting/maven-reporting-api/3.0/maven-reporting-api-3.0.jar:/home/jianqi/.m2/repository/org/apache/maven/reporting/maven-reporting-impl/2.3/maven-reporting-impl-2.3.jar:/home/jianqi/.m2/repository/org/apache/maven/shared/maven-shared-utils/0.6/maven-shared-utils-0.6.jar:/home/jianqi/.m2/repository/org/apache/maven/doxia/doxia-core/1.2/doxia-core-1.2.jar:/home/jianqi/.m2/repository/xerces/xercesImpl/2.9.1/xercesImpl-2.9.1.jar:/home/jianqi/.m2/repository/xml-apis/xml-apis/1.3.04/xml-apis-1.3.04.jar:/home/jianqi/.m2/repository/commons-validator/commons-validator/1.3.1/commons-validator-1.3.1.jar:/home/jianqi/.m2/repository/commons-digester/commons-digester/1.6/commons-digester-1.6.jar:/home/jianqi/.m2/repository/commons-logging/commons-logging/1.0.4/commons-logging-1.0.4.jar:/home/jianqi/.m2/repository/org/apache/maven/doxia/doxia-sink-api/1.4/doxia-sink-api-1.4.jar:/home/jianqi/.m2/repository/org/apache/maven/doxia/doxia-logging-api/1.4/doxia-logging-api-1.4.jar:/home/jianqi/.m2/repository/org/apache/maven/doxia/doxia-decoration-model/1.4/doxia-decoration-model-1.4.jar:/home/jianqi/.m2/repository/org/apache/maven/doxia/doxia-site-renderer/1.4/doxia-site-renderer-1.4.jar:/home/jianqi/.m2/repository/org/apache/maven/doxia/doxia-module-xhtml/1.4/doxia-module-xhtml-1.4.jar:/home/jianqi/.m2/repository/org/apache/maven/doxia/doxia-module-fml/1.4/doxia-module-fml-1.4.jar:/home/jianqi/.m2/repository/org/codehaus/plexus/plexus-i18n/1.0-beta-7/plexus-i18n-1.0-beta-7.jar:/home/jianqi/.m2/repository/org/apache/velocity/velocity-tools/2.0/velocity-tools-2.0.jar:/home/jianqi/.m2/repository/commons-chain/commons-chain/1.1/commons-chain-1.1.jar:/home/jianqi/.m2/repository/dom4j/dom4j/1.1/dom4j-1.1.jar:/home/jianqi/.m2/repository/sslext/sslext/1.2-0/sslext-1.2-0.jar:/home/jianqi/.m2/repository/org/apache/struts/struts-core/1.3.8/struts-core-1.3.8.jar:/home/jianqi/.m2/repository/org/apache/struts/struts-taglib/1.3.8/struts-taglib-1.3.8.jar:/home/jianqi/.m2/repository/org/apache/struts/struts-tiles/1.3.8/struts-tiles-1.3.8.jar:/home/jianqi/.m2/repository/org/apache/maven/doxia/doxia-integration-tools/1.6/doxia-integration-tools-1.6.jar:/home/jianqi/.m2/repository/org/codehaus/plexus/plexus-container-default/1.0-alpha-9/plexus-container-default-1.0-alpha-9.jar:/home/jianqi/.m2/repository/junit/junit/4.13.2/junit-4.13.2.jar:/home/jianqi/.m2/repository/org/hamcrest/hamcrest-core/2.2/hamcrest-core-2.2.jar:/home/jianqi/.m2/repository/classworlds/classworlds/1.1-alpha-2/classworlds-1.1-alpha-2.jar:/home/jianqi/.m2/repository/org/codehaus/plexus/plexus-component-annotations/1.7.1/plexus-component-annotations-1.7.1.jar:/home/jianqi/.m2/repository/org/codehaus/plexus/plexus-resources/1.1.0/plexus-resources-1.1.0.jar:/home/jianqi/.m2/repository/org/codehaus/plexus/plexus-interpolation/1.24/plexus-interpolation-1.24.jar:/home/jianqi/.m2/repository/org/codehaus/plexus/plexus-velocity/1.1.8/plexus-velocity-1.1.8.jar:/home/jianqi/.m2/repository/com/puppycrawl/tools/checkstyle/8.19/checkstyle-8.19.jar:/home/jianqi/.m2/repository/info/picocli/picocli/3.9.5/picocli-3.9.5.jar:/home/jianqi/.m2/repository/antlr/antlr/2.7.7/antlr-2.7.7.jar:/home/jianqi/.m2/repository/org/antlr/antlr4-runtime/4.7.2/antlr4-runtime-4.7.2.jar:/home/jianqi/.m2/repository/com/google/guava/guava/27.1-jre/guava-27.1-jre.jar:/home/jianqi/.m2/repository/com/google/guava/failureaccess/1.0.1/failureaccess-1.0.1.jar:/home/jianqi/.m2/repository/com/google/guava/listenablefuture/9999.0-empty-to-avoid-conflict-with-guava/listenablefuture-9999.0-empty-to-avoid-conflict-with-guava.jar:/home/jianqi/.m2/repository/org/checkerframework/checker-qual/2.5.2/checker-qual-2.5.2.jar:/home/jianqi/.m2/repository/com/google/errorprone/error_prone_annotations/2.2.0/error_prone_annotations-2.2.0.jar:/home/jianqi/.m2/repository/com/google/j2objc/j2objc-annotations/1.1/j2objc-annotations-1.1.jar:/home/jianqi/.m2/repository/org/codehaus/mojo/animal-sniffer-annotations/1.17/animal-sniffer-annotations-1.17.jar:/home/jianqi/.m2/repository/net/sf/saxon/Saxon-HE/9.9.1-2/Saxon-HE-9.9.1-2.jar:/home/jianqi/.m2/repository/com/ibm/icu/icu4j/63.1/icu4j-63.1.jar:/home/jianqi/.m2/repository/org/apache/velocity/velocity/1.5/velocity-1.5.jar:/home/jianqi/.m2/repository/commons-lang/commons-lang/2.1/commons-lang-2.1.jar:/home/jianqi/.m2/repository/oro/oro/2.0.8/oro-2.0.8.jar:/home/jianqi/.m2/repository/commons-collections/commons-collections/3.2.1/commons-collections-3.2.1.jar:/home/jianqi/.m2/repository/javax/xml/bind/jaxb-api/2.3.1/jaxb-api-2.3.1.jar:/home/jianqi/.m2/repository/javax/activation/javax.activation-api/1.2.0/javax.activation-api-1.2.0.jar:/home/jianqi/.m2/repository/org/apache/maven/plugins/maven-source-plugin/3.2.1/maven-source-plugin-3.2.1.jar:/home/jianqi/.m2/repository/org/apache/maven/maven-archiver/3.5.0/maven-archiver-3.5.0.jar:/home/jianqi/.m2/repository/org/codehaus/plexus/plexus-archiver/4.2.1/plexus-archiver-4.2.1.jar:/home/jianqi/.m2/repository/org/apache/commons/commons-compress/1.19/commons-compress-1.19.jar:/home/jianqi/.m2/repository/org/iq80/snappy/snappy/0.4/snappy-0.4.jar:/home/jianqi/.m2/repository/org/tukaani/xz/1.8/xz-1.8.jar:/home/jianqi/.m2/repository/org/apache/maven/plugins/maven-javadoc-plugin/3.2.0/maven-javadoc-plugin-3.2.0.jar:/home/jianqi/.m2/repository/org/apache/maven/maven-settings/3.0/maven-settings-3.0.jar:/home/jianqi/.m2/repository/org/apache/maven/shared/maven-invoker/3.0.0/maven-invoker-3.0.0.jar:/home/jianqi/.m2/repository/org/apache/maven/shared/maven-common-artifact-filters/3.0.0/maven-common-artifact-filters-3.0.0.jar:/home/jianqi/.m2/repository/org/apache/maven/shared/maven-artifact-transfer/0.10.1/maven-artifact-transfer-0.10.1.jar:/home/jianqi/.m2/repository/commons-codec/commons-codec/1.15/commons-codec-1.15.jar:/home/jianqi/.m2/repository/org/apache/maven/wagon/wagon-provider-api/2.4/wagon-provider-api-2.4.jar:/home/jianqi/.m2/repository/org/apache/commons/commons-lang3/3.12.0/commons-lang3-3.12.0.jar:/home/jianqi/.m2/repository/commons-io/commons-io/2.5/commons-io-2.5.jar:/home/jianqi/.m2/repository/org/apache/httpcomponents/httpclient/4.5.13/httpclient-4.5.13.jar:/home/jianqi/.m2/repository/org/apache/httpcomponents/httpcore/4.4.15/httpcore-4.4.15.jar:/home/jianqi/.m2/repository/com/thoughtworks/qdox/qdox/2.0-M10/qdox-2.0-M10.jar:/home/jianqi/.m2/repository/org/codehaus/plexus/plexus-java/1.0.5/plexus-java-1.0.5.jar:/home/jianqi/.m2/repository/org/ow2/asm/asm/7.2/asm-7.2.jar:/home/jianqi/.m2/repository/org/codehaus/plexus/plexus-io/3.2.0/plexus-io-3.2.0.jar:/home/jianqi/.m2/repository/org/codehaus/plexus/plexus-interactivity-api/1.0-alpha-6/plexus-interactivity-api-1.0-alpha-6.jar:/home/jianqi/.m2/repository/org/apache/maven/plugins/maven-surefire-plugin/2.22.0/maven-surefire-plugin-2.22.0.jar:/home/jianqi/.m2/repository/org/apache/maven/surefire/maven-surefire-common/2.22.0/maven-surefire-common-2.22.0.jar:/home/jianqi/.m2/repository/org/apache/maven/plugin-tools/maven-plugin-annotations/3.5/maven-plugin-annotations-3.5.jar:/home/jianqi/.m2/repository/org/apache/maven/surefire/surefire-api/2.22.0/surefire-api-2.22.0.jar:/home/jianqi/.m2/repository/org/apache/maven/surefire/surefire-logger-api/2.22.0/surefire-logger-api-2.22.0.jar:/home/jianqi/.m2/repository/org/apache/maven/surefire/surefire-booter/2.22.0/surefire-booter-2.22.0.jar:/home/jianqi/.m2/repository/org/apache/maven/maven-plugin-descriptor/2.2.1/maven-plugin-descriptor-2.2.1.jar:/home/jianqi/.m2/repository/org/apache/maven/maven-project/2.2.1/maven-project-2.2.1.jar:/home/jianqi/.m2/repository/org/apache/maven/maven-profile/2.2.1/maven-profile-2.2.1.jar:/home/jianqi/.m2/repository/org/apache/maven/maven-artifact-manager/2.2.1/maven-artifact-manager-2.2.1.jar:/home/jianqi/.m2/repository/backport-util-concurrent/backport-util-concurrent/3.1/backport-util-concurrent-3.1.jar:/home/jianqi/.m2/repository/org/apache/maven/maven-plugin-registry/2.2.1/maven-plugin-registry-2.2.1.jar:/home/jianqi/.m2/repository/org/apache/maven/maven-toolchain/2.2.1/maven-toolchain-2.2.1.jar:"/>
    <property name="java.vm.vendor" value="Ubuntu"/>
    <property name="sun.arch.data.model" value="64"/>
    <property name="java.vendor.url" value="https://ubuntu.com/"/>
    <property name="user.timezone" value=""/>
    <property name="java.vm.specification.version" value="11"/>
    <property name="os.name" value="Linux"/>
    <property name="sun.java.launcher" value="SUN_STANDARD"/>
    <property name="user.country" value="AU"/>
    <property name="sun.boot.library.path" value="/usr/lib/jvm/java-11-openjdk-amd64/lib"/>
    <property name="sun.java.command" value="/home/jianqi/Documents/jianqi/Study/java/project/wx-shop/target/surefire/surefirebooter8649865539855544541.jar /home/jianqi/Documents/jianqi/Study/java/project/wx-shop/target/surefire 2022-02-22T19-53-43_796-jvmRun1 surefire14891389665764789532tmp surefire_03031395376966988871tmp"/>
    <property name="jdk.debug" value="release"/>
    <property name="surefire.test.class.path" value="/home/jianqi/Documents/jianqi/Study/java/project/wx-shop/target/test-classes:/home/jianqi/Documents/jianqi/Study/java/project/wx-shop/target/classes:/home/jianqi/.m2/repository/org/springframework/boot/spring-boot-starter-jdbc/2.6.2/spring-boot-starter-jdbc-2.6.2.jar:/home/jianqi/.m2/repository/org/springframework/boot/spring-boot-starter/2.6.2/spring-boot-starter-2.6.2.jar:/home/jianqi/.m2/repository/org/springframework/boot/spring-boot/2.6.2/spring-boot-2.6.2.jar:/home/jianqi/.m2/repository/org/springframework/boot/spring-boot-autoconfigure/2.6.2/spring-boot-autoconfigure-2.6.2.jar:/home/jianqi/.m2/repository/org/springframework/boot/spring-boot-starter-logging/2.6.2/spring-boot-starter-logging-2.6.2.jar:/home/jianqi/.m2/repository/ch/qos/logback/logback-classic/1.2.9/logback-classic-1.2.9.jar:/home/jianqi/.m2/repository/ch/qos/logback/logback-core/1.2.9/logback-core-1.2.9.jar:/home/jianqi/.m2/repository/org/apache/logging/log4j/log4j-to-slf4j/2.17.0/log4j-to-slf4j-2.17.0.jar:/home/jianqi/.m2/repository/org/apache/logging/log4j/log4j-api/2.17.0/log4j-api-2.17.0.jar:/home/jianqi/.m2/repository/org/slf4j/jul-to-slf4j/1.7.32/jul-to-slf4j-1.7.32.jar:/home/jianqi/.m2/repository/jakarta/annotation/jakarta.annotation-api/1.3.5/jakarta.annotation-api-1.3.5.jar:/home/jianqi/.m2/repository/org/yaml/snakeyaml/1.29/snakeyaml-1.29.jar:/home/jianqi/.m2/repository/com/zaxxer/HikariCP/4.0.3/HikariCP-4.0.3.jar:/home/jianqi/.m2/repository/org/springframework/spring-jdbc/5.3.14/spring-jdbc-5.3.14.jar:/home/jianqi/.m2/repository/org/springframework/spring-beans/5.3.14/spring-beans-5.3.14.jar:/home/jianqi/.m2/repository/org/springframework/spring-tx/5.3.14/spring-tx-5.3.14.jar:/home/jianqi/.m2/repository/org/springframework/boot/spring-boot-starter-web/2.6.2/spring-boot-starter-web-2.6.2.jar:/home/jianqi/.m2/repository/org/springframework/boot/spring-boot-starter-json/2.6.2/spring-boot-starter-json-2.6.2.jar:/home/jianqi/.m2/repository/com/fasterxml/jackson/datatype/jackson-datatype-jdk8/2.13.1/jackson-datatype-jdk8-2.13.1.jar:/home/jianqi/.m2/repository/com/fasterxml/jackson/module/jackson-module-parameter-names/2.13.1/jackson-module-parameter-names-2.13.1.jar:/home/jianqi/.m2/repository/org/springframework/boot/spring-boot-starter-tomcat/2.6.2/spring-boot-starter-tomcat-2.6.2.jar:/home/jianqi/.m2/repository/org/apache/tomcat/embed/tomcat-embed-core/9.0.56/tomcat-embed-core-9.0.56.jar:/home/jianqi/.m2/repository/org/apache/tomcat/embed/tomcat-embed-el/9.0.56/tomcat-embed-el-9.0.56.jar:/home/jianqi/.m2/repository/org/apache/tomcat/embed/tomcat-embed-websocket/9.0.56/tomcat-embed-websocket-9.0.56.jar:/home/jianqi/.m2/repository/org/springframework/spring-web/5.3.14/spring-web-5.3.14.jar:/home/jianqi/.m2/repository/org/springframework/spring-webmvc/5.3.14/spring-webmvc-5.3.14.jar:/home/jianqi/.m2/repository/org/springframework/spring-aop/5.3.14/spring-aop-5.3.14.jar:/home/jianqi/.m2/repository/org/springframework/spring-context/5.3.14/spring-context-5.3.14.jar:/home/jianqi/.m2/repository/org/springframework/spring-expression/5.3.14/spring-expression-5.3.14.jar:/home/jianqi/.m2/repository/org/mybatis/spring/boot/mybatis-spring-boot-starter/2.2.1/mybatis-spring-boot-starter-2.2.1.jar:/home/jianqi/.m2/repository/org/mybatis/spring/boot/mybatis-spring-boot-autoconfigure/2.2.1/mybatis-spring-boot-autoconfigure-2.2.1.jar:/home/jianqi/.m2/repository/org/mybatis/mybatis/3.5.9/mybatis-3.5.9.jar:/home/jianqi/.m2/repository/org/mybatis/mybatis-spring/2.0.6/mybatis-spring-2.0.6.jar:/home/jianqi/.m2/repository/mysql/mysql-connector-java/8.0.27/mysql-connector-java-8.0.27.jar:/home/jianqi/.m2/repository/org/springframework/boot/spring-boot-starter-test/2.6.2/spring-boot-starter-test-2.6.2.jar:/home/jianqi/.m2/repository/org/springframework/boot/spring-boot-test/2.6.2/spring-boot-test-2.6.2.jar:/home/jianqi/.m2/repository/org/springframework/boot/spring-boot-test-autoconfigure/2.6.2/spring-boot-test-autoconfigure-2.6.2.jar:/home/jianqi/.m2/repository/com/jayway/jsonpath/json-path/2.6.0/json-path-2.6.0.jar:/home/jianqi/.m2/repository/net/minidev/json-smart/2.4.7/json-smart-2.4.7.jar:/home/jianqi/.m2/repository/net/minidev/accessors-smart/2.4.7/accessors-smart-2.4.7.jar:/home/jianqi/.m2/repository/jakarta/xml/bind/jakarta.xml.bind-api/2.3.3/jakarta.xml.bind-api-2.3.3.jar:/home/jianqi/.m2/repository/jakarta/activation/jakarta.activation-api/1.2.2/jakarta.activation-api-1.2.2.jar:/home/jianqi/.m2/repository/org/assertj/assertj-core/3.21.0/assertj-core-3.21.0.jar:/home/jianqi/.m2/repository/org/hamcrest/hamcrest/2.2/hamcrest-2.2.jar:/home/jianqi/.m2/repository/org/junit/jupiter/junit-jupiter/5.8.2/junit-jupiter-5.8.2.jar:/home/jianqi/.m2/repository/org/junit/jupiter/junit-jupiter-params/5.8.2/junit-jupiter-params-5.8.2.jar:/home/jianqi/.m2/repository/org/junit/jupiter/junit-jupiter-engine/5.8.2/junit-jupiter-engine-5.8.2.jar:/home/jianqi/.m2/repository/org/junit/platform/junit-platform-engine/1.8.2/junit-platform-engine-1.8.2.jar:/home/jianqi/.m2/repository/org/mockito/mockito-core/4.0.0/mockito-core-4.0.0.jar:/home/jianqi/.m2/repository/net/bytebuddy/byte-buddy/1.11.22/byte-buddy-1.11.22.jar:/home/jianqi/.m2/repository/net/bytebuddy/byte-buddy-agent/1.11.22/byte-buddy-agent-1.11.22.jar:/home/jianqi/.m2/repository/org/objenesis/objenesis/3.2/objenesis-3.2.jar:/home/jianqi/.m2/repository/org/skyscreamer/jsonassert/1.5.0/jsonassert-1.5.0.jar:/home/jianqi/.m2/repository/com/vaadin/external/google/android-json/0.0.20131108.vaadin1/android-json-0.0.20131108.vaadin1.jar:/home/jianqi/.m2/repository/org/springframework/spring-core/5.3.14/spring-core-5.3.14.jar:/home/jianqi/.m2/repository/org/springframework/spring-jcl/5.3.14/spring-jcl-5.3.14.jar:/home/jianqi/.m2/repository/org/springframework/spring-test/5.3.14/spring-test-5.3.14.jar:/home/jianqi/.m2/repository/org/xmlunit/xmlunit-core/2.8.4/xmlunit-core-2.8.4.jar:/home/jianqi/.m2/repository/org/apache/shiro/shiro-core/1.8.0/shiro-core-1.8.0.jar:/home/jianqi/.m2/repository/org/apache/shiro/shiro-lang/1.8.0/shiro-lang-1.8.0.jar:/home/jianqi/.m2/repository/org/apache/shiro/shiro-cache/1.8.0/shiro-cache-1.8.0.jar:/home/jianqi/.m2/repository/org/apache/shiro/shiro-crypto-hash/1.8.0/shiro-crypto-hash-1.8.0.jar:/home/jianqi/.m2/repository/org/apache/shiro/shiro-crypto-core/1.8.0/shiro-crypto-core-1.8.0.jar:/home/jianqi/.m2/repository/org/apache/shiro/shiro-crypto-cipher/1.8.0/shiro-crypto-cipher-1.8.0.jar:/home/jianqi/.m2/repository/org/apache/shiro/shiro-config-core/1.8.0/shiro-config-core-1.8.0.jar:/home/jianqi/.m2/repository/org/apache/shiro/shiro-config-ogdl/1.8.0/shiro-config-ogdl-1.8.0.jar:/home/jianqi/.m2/repository/commons-beanutils/commons-beanutils/1.9.4/commons-beanutils-1.9.4.jar:/home/jianqi/.m2/repository/org/apache/shiro/shiro-event/1.8.0/shiro-event-1.8.0.jar:/home/jianqi/.m2/repository/org/apache/shiro/shiro-spring/1.8.0/shiro-spring-1.8.0.jar:/home/jianqi/.m2/repository/org/apache/shiro/shiro-web/1.8.0/shiro-web-1.8.0.jar:/home/jianqi/.m2/repository/org/owasp/encoder/encoder/1.2.2/encoder-1.2.2.jar:/home/jianqi/.m2/repository/com/google/code/findbugs/annotations/3.0.1/annotations-3.0.1.jar:/home/jianqi/.m2/repository/net/jcip/jcip-annotations/1.0/jcip-annotations-1.0.jar:/home/jianqi/.m2/repository/com/google/code/findbugs/jsr305/3.0.1/jsr305-3.0.1.jar:/home/jianqi/.m2/repository/javax/inject/javax.inject/1/javax.inject-1.jar:/home/jianqi/.m2/repository/org/flywaydb/flyway-core/8.4.4/flyway-core-8.4.4.jar:/home/jianqi/.m2/repository/org/flywaydb/flyway-mysql/8.4.4/flyway-mysql-8.4.4.jar:/home/jianqi/.m2/repository/org/mybatis/generator/mybatis-generator-maven-plugin/1.3.7/mybatis-generator-maven-plugin-1.3.7.jar:/home/jianqi/.m2/repository/org/apache/maven/maven-plugin-api/3.5.4/maven-plugin-api-3.5.4.jar:/home/jianqi/.m2/repository/org/apache/maven/maven-model/3.5.4/maven-model-3.5.4.jar:/home/jianqi/.m2/repository/org/apache/maven/maven-artifact/3.5.4/maven-artifact-3.5.4.jar:/home/jianqi/.m2/repository/org/eclipse/sisu/org.eclipse.sisu.plexus/0.3.3/org.eclipse.sisu.plexus-0.3.3.jar:/home/jianqi/.m2/repository/javax/enterprise/cdi-api/1.0/cdi-api-1.0.jar:/home/jianqi/.m2/repository/javax/annotation/jsr250-api/1.0/jsr250-api-1.0.jar:/home/jianqi/.m2/repository/org/eclipse/sisu/org.eclipse.sisu.inject/0.3.3/org.eclipse.sisu.inject-0.3.3.jar:/home/jianqi/.m2/repository/org/codehaus/plexus/plexus-utils/3.1.0/plexus-utils-3.1.0.jar:/home/jianqi/.m2/repository/org/codehaus/plexus/plexus-classworlds/2.5.2/plexus-classworlds-2.5.2.jar:/home/jianqi/.m2/repository/org/mybatis/generator/mybatis-generator-core/1.3.7/mybatis-generator-core-1.3.7.jar:/home/jianqi/.m2/repository/com/qiukeke/mybatis-generator-limit-plugin/1.0.4/mybatis-generator-limit-plugin-1.0.4.jar:/home/jianqi/.m2/repository/org/mockito/mockito-junit-jupiter/4.3.1/mockito-junit-jupiter-4.3.1.jar:/home/jianqi/.m2/repository/org/junit/jupiter/junit-jupiter-api/5.8.2/junit-jupiter-api-5.8.2.jar:/home/jianqi/.m2/repository/org/opentest4j/opentest4j/1.2.0/opentest4j-1.2.0.jar:/home/jianqi/.m2/repository/org/junit/platform/junit-platform-commons/1.8.2/junit-platform-commons-1.8.2.jar:/home/jianqi/.m2/repository/org/apiguardian/apiguardian-api/1.1.2/apiguardian-api-1.1.2.jar:/home/jianqi/.m2/repository/org/jetbrains/annotations/23.0.0/annotations-23.0.0.jar:/home/jianqi/.m2/repository/org/mybatis/mybatis-typehandlers-jsr310/1.0.2/mybatis-typehandlers-jsr310-1.0.2.jar:/home/jianqi/.m2/repository/com/fasterxml/jackson/datatype/jackson-datatype-jsr310/2.13.1/jackson-datatype-jsr310-2.13.1.jar:/home/jianqi/.m2/repository/com/fasterxml/jackson/core/jackson-annotations/2.13.1/jackson-annotations-2.13.1.jar:/home/jianqi/.m2/repository/com/fasterxml/jackson/core/jackson-core/2.13.1/jackson-core-2.13.1.jar:/home/jianqi/.m2/repository/com/fasterxml/jackson/core/jackson-databind/2.13.1/jackson-databind-2.13.1.jar:/home/jianqi/.m2/repository/org/apache/dubbo/dubbo-spring-boot-starter/3.0.5/dubbo-spring-boot-starter-3.0.5.jar:/home/jianqi/.m2/repository/org/apache/dubbo/dubbo-spring-boot-autoconfigure/3.0.5/dubbo-spring-boot-autoconfigure-3.0.5.jar:/home/jianqi/.m2/repository/org/apache/dubbo/dubbo-spring-boot-autoconfigure-compatible/3.0.5/dubbo-spring-boot-autoconfigure-compatible-3.0.5.jar:/home/jianqi/.m2/repository/org/apache/dubbo/dubbo/3.0.5/dubbo-3.0.5.jar:/home/jianqi/.m2/repository/com/alibaba/spring/spring-context-support/1.0.8/spring-context-support-1.0.8.jar:/home/jianqi/.m2/repository/org/javassist/javassist/3.23.1-GA/javassist-3.23.1-GA.jar:/home/jianqi/.m2/repository/io/netty/netty-all/4.1.72.Final/netty-all-4.1.72.Final.jar:/home/jianqi/.m2/repository/io/netty/netty-buffer/4.1.72.Final/netty-buffer-4.1.72.Final.jar:/home/jianqi/.m2/repository/io/netty/netty-codec/4.1.72.Final/netty-codec-4.1.72.Final.jar:/home/jianqi/.m2/repository/io/netty/netty-codec-dns/4.1.72.Final/netty-codec-dns-4.1.72.Final.jar:/home/jianqi/.m2/repository/io/netty/netty-codec-haproxy/4.1.72.Final/netty-codec-haproxy-4.1.72.Final.jar:/home/jianqi/.m2/repository/io/netty/netty-codec-http/4.1.72.Final/netty-codec-http-4.1.72.Final.jar:/home/jianqi/.m2/repository/io/netty/netty-codec-http2/4.1.72.Final/netty-codec-http2-4.1.72.Final.jar:/home/jianqi/.m2/repository/io/netty/netty-codec-memcache/4.1.72.Final/netty-codec-memcache-4.1.72.Final.jar:/home/jianqi/.m2/repository/io/netty/netty-codec-mqtt/4.1.72.Final/netty-codec-mqtt-4.1.72.Final.jar:/home/jianqi/.m2/repository/io/netty/netty-codec-redis/4.1.72.Final/netty-codec-redis-4.1.72.Final.jar:/home/jianqi/.m2/repository/io/netty/netty-codec-smtp/4.1.72.Final/netty-codec-smtp-4.1.72.Final.jar:/home/jianqi/.m2/repository/io/netty/netty-codec-socks/4.1.72.Final/netty-codec-socks-4.1.72.Final.jar:/home/jianqi/.m2/repository/io/netty/netty-codec-stomp/4.1.72.Final/netty-codec-stomp-4.1.72.Final.jar:/home/jianqi/.m2/repository/io/netty/netty-codec-xml/4.1.72.Final/netty-codec-xml-4.1.72.Final.jar:/home/jianqi/.m2/repository/io/netty/netty-common/4.1.72.Final/netty-common-4.1.72.Final.jar:/home/jianqi/.m2/repository/io/netty/netty-handler/4.1.72.Final/netty-handler-4.1.72.Final.jar:/home/jianqi/.m2/repository/io/netty/netty-tcnative-classes/2.0.46.Final/netty-tcnative-classes-2.0.46.Final.jar:/home/jianqi/.m2/repository/io/netty/netty-handler-proxy/4.1.72.Final/netty-handler-proxy-4.1.72.Final.jar:/home/jianqi/.m2/repository/io/netty/netty-resolver/4.1.72.Final/netty-resolver-4.1.72.Final.jar:/home/jianqi/.m2/repository/io/netty/netty-resolver-dns/4.1.72.Final/netty-resolver-dns-4.1.72.Final.jar:/home/jianqi/.m2/repository/io/netty/netty-transport/4.1.72.Final/netty-transport-4.1.72.Final.jar:/home/jianqi/.m2/repository/io/netty/netty-transport-rxtx/4.1.72.Final/netty-transport-rxtx-4.1.72.Final.jar:/home/jianqi/.m2/repository/io/netty/netty-transport-sctp/4.1.72.Final/netty-transport-sctp-4.1.72.Final.jar:/home/jianqi/.m2/repository/io/netty/netty-transport-udt/4.1.72.Final/netty-transport-udt-4.1.72.Final.jar:/home/jianqi/.m2/repository/io/netty/netty-transport-classes-epoll/4.1.72.Final/netty-transport-classes-epoll-4.1.72.Final.jar:/home/jianqi/.m2/repository/io/netty/netty-transport-native-unix-common/4.1.72.Final/netty-transport-native-unix-common-4.1.72.Final.jar:/home/jianqi/.m2/repository/io/netty/netty-transport-classes-kqueue/4.1.72.Final/netty-transport-classes-kqueue-4.1.72.Final.jar:/home/jianqi/.m2/repository/io/netty/netty-resolver-dns-classes-macos/4.1.72.Final/netty-resolver-dns-classes-macos-4.1.72.Final.jar:/home/jianqi/.m2/repository/io/netty/netty-transport-native-epoll/4.1.72.Final/netty-transport-native-epoll-4.1.72.Final-linux-x86_64.jar:/home/jianqi/.m2/repository/io/netty/netty-transport-native-epoll/4.1.72.Final/netty-transport-native-epoll-4.1.72.Final-linux-aarch_64.jar:/home/jianqi/.m2/repository/io/netty/netty-transport-native-kqueue/4.1.72.Final/netty-transport-native-kqueue-4.1.72.Final-osx-x86_64.jar:/home/jianqi/.m2/repository/io/netty/netty-transport-native-kqueue/4.1.72.Final/netty-transport-native-kqueue-4.1.72.Final-osx-aarch_64.jar:/home/jianqi/.m2/repository/io/netty/netty-resolver-dns-native-macos/4.1.72.Final/netty-resolver-dns-native-macos-4.1.72.Final-osx-x86_64.jar:/home/jianqi/.m2/repository/io/netty/netty-resolver-dns-native-macos/4.1.72.Final/netty-resolver-dns-native-macos-4.1.72.Final-osx-aarch_64.jar:/home/jianqi/.m2/repository/com/google/code/gson/gson/2.8.9/gson-2.8.9.jar:/home/jianqi/.m2/repository/com/alibaba/fastjson/1.2.70/fastjson-1.2.70.jar:/home/jianqi/.m2/repository/org/apache/curator/curator-x-discovery/4.2.0/curator-x-discovery-4.2.0.jar:/home/jianqi/.m2/repository/org/apache/curator/curator-recipes/4.2.0/curator-recipes-4.2.0.jar:/home/jianqi/.m2/repository/org/apache/curator/curator-framework/4.2.0/curator-framework-4.2.0.jar:/home/jianqi/.m2/repository/org/apache/curator/curator-client/4.2.0/curator-client-4.2.0.jar:/home/jianqi/.m2/repository/org/apache/zookeeper/zookeeper/3.4.13/zookeeper-3.4.13.jar:/home/jianqi/.m2/repository/log4j/log4j/1.2.17/log4j-1.2.17.jar:/home/jianqi/.m2/repository/jline/jline/0.9.94/jline-0.9.94.jar:/home/jianqi/.m2/repository/org/apache/yetus/audience-annotations/0.5.0/audience-annotations-0.5.0.jar:/home/jianqi/.m2/repository/org/crazycake/shiro-redis/3.3.1/shiro-redis-3.3.1.jar:/home/jianqi/.m2/repository/redis/clients/jedis/3.7.1/jedis-3.7.1.jar:/home/jianqi/.m2/repository/org/apache/commons/commons-pool2/2.11.1/commons-pool2-2.11.1.jar:/home/jianqi/.m2/repository/org/slf4j/slf4j-api/1.7.32/slf4j-api-1.7.32.jar:/home/jianqi/.m2/repository/org/apache/maven/plugins/maven-checkstyle-plugin/3.1.0/maven-checkstyle-plugin-3.1.0.jar:/home/jianqi/.m2/repository/org/apache/maven/maven-core/3.0/maven-core-3.0.jar:/home/jianqi/.m2/repository/org/apache/maven/maven-settings-builder/3.0/maven-settings-builder-3.0.jar:/home/jianqi/.m2/repository/org/apache/maven/maven-repository-metadata/3.0/maven-repository-metadata-3.0.jar:/home/jianqi/.m2/repository/org/apache/maven/maven-model-builder/3.0/maven-model-builder-3.0.jar:/home/jianqi/.m2/repository/org/apache/maven/maven-aether-provider/3.0/maven-aether-provider-3.0.jar:/home/jianqi/.m2/repository/org/sonatype/aether/aether-impl/1.7/aether-impl-1.7.jar:/home/jianqi/.m2/repository/org/sonatype/aether/aether-spi/1.7/aether-spi-1.7.jar:/home/jianqi/.m2/repository/org/sonatype/aether/aether-api/1.7/aether-api-1.7.jar:/home/jianqi/.m2/repository/org/sonatype/aether/aether-util/1.7/aether-util-1.7.jar:/home/jianqi/.m2/repository/org/sonatype/sisu/sisu-inject-plexus/1.4.2/sisu-inject-plexus-1.4.2.jar:/home/jianqi/.m2/repository/org/sonatype/sisu/sisu-inject-bean/1.4.2/sisu-inject-bean-1.4.2.jar:/home/jianqi/.m2/repository/org/sonatype/sisu/sisu-guice/2.1.7/sisu-guice-2.1.7-noaop.jar:/home/jianqi/.m2/repository/org/sonatype/plexus/plexus-sec-dispatcher/1.3/plexus-sec-dispatcher-1.3.jar:/home/jianqi/.m2/repository/org/sonatype/plexus/plexus-cipher/1.4/plexus-cipher-1.4.jar:/home/jianqi/.m2/repository/org/apache/maven/reporting/maven-reporting-api/3.0/maven-reporting-api-3.0.jar:/home/jianqi/.m2/repository/org/apache/maven/reporting/maven-reporting-impl/2.3/maven-reporting-impl-2.3.jar:/home/jianqi/.m2/repository/org/apache/maven/shared/maven-shared-utils/0.6/maven-shared-utils-0.6.jar:/home/jianqi/.m2/repository/org/apache/maven/doxia/doxia-core/1.2/doxia-core-1.2.jar:/home/jianqi/.m2/repository/xerces/xercesImpl/2.9.1/xercesImpl-2.9.1.jar:/home/jianqi/.m2/repository/xml-apis/xml-apis/1.3.04/xml-apis-1.3.04.jar:/home/jianqi/.m2/repository/commons-validator/commons-validator/1.3.1/commons-validator-1.3.1.jar:/home/jianqi/.m2/repository/commons-digester/commons-digester/1.6/commons-digester-1.6.jar:/home/jianqi/.m2/repository/commons-logging/commons-logging/1.0.4/commons-logging-1.0.4.jar:/home/jianqi/.m2/repository/org/apache/maven/doxia/doxia-sink-api/1.4/doxia-sink-api-1.4.jar:/home/jianqi/.m2/repository/org/apache/maven/doxia/doxia-logging-api/1.4/doxia-logging-api-1.4.jar:/home/jianqi/.m2/repository/org/apache/maven/doxia/doxia-decoration-model/1.4/doxia-decoration-model-1.4.jar:/home/jianqi/.m2/repository/org/apache/maven/doxia/doxia-site-renderer/1.4/doxia-site-renderer-1.4.jar:/home/jianqi/.m2/repository/org/apache/maven/doxia/doxia-module-xhtml/1.4/doxia-module-xhtml-1.4.jar:/home/jianqi/.m2/repository/org/apache/maven/doxia/doxia-module-fml/1.4/doxia-module-fml-1.4.jar:/home/jianqi/.m2/repository/org/codehaus/plexus/plexus-i18n/1.0-beta-7/plexus-i18n-1.0-beta-7.jar:/home/jianqi/.m2/repository/org/apache/velocity/velocity-tools/2.0/velocity-tools-2.0.jar:/home/jianqi/.m2/repository/commons-chain/commons-chain/1.1/commons-chain-1.1.jar:/home/jianqi/.m2/repository/dom4j/dom4j/1.1/dom4j-1.1.jar:/home/jianqi/.m2/repository/sslext/sslext/1.2-0/sslext-1.2-0.jar:/home/jianqi/.m2/repository/org/apache/struts/struts-core/1.3.8/struts-core-1.3.8.jar:/home/jianqi/.m2/repository/org/apache/struts/struts-taglib/1.3.8/struts-taglib-1.3.8.jar:/home/jianqi/.m2/repository/org/apache/struts/struts-tiles/1.3.8/struts-tiles-1.3.8.jar:/home/jianqi/.m2/repository/org/apache/maven/doxia/doxia-integration-tools/1.6/doxia-integration-tools-1.6.jar:/home/jianqi/.m2/repository/org/codehaus/plexus/plexus-container-default/1.0-alpha-9/plexus-container-default-1.0-alpha-9.jar:/home/jianqi/.m2/repository/junit/junit/4.13.2/junit-4.13.2.jar:/home/jianqi/.m2/repository/org/hamcrest/hamcrest-core/2.2/hamcrest-core-2.2.jar:/home/jianqi/.m2/repository/classworlds/classworlds/1.1-alpha-2/classworlds-1.1-alpha-2.jar:/home/jianqi/.m2/repository/org/codehaus/plexus/plexus-component-annotations/1.7.1/plexus-component-annotations-1.7.1.jar:/home/jianqi/.m2/repository/org/codehaus/plexus/plexus-resources/1.1.0/plexus-resources-1.1.0.jar:/home/jianqi/.m2/repository/org/codehaus/plexus/plexus-interpolation/1.24/plexus-interpolation-1.24.jar:/home/jianqi/.m2/repository/org/codehaus/plexus/plexus-velocity/1.1.8/plexus-velocity-1.1.8.jar:/home/jianqi/.m2/repository/com/puppycrawl/tools/checkstyle/8.19/checkstyle-8.19.jar:/home/jianqi/.m2/repository/info/picocli/picocli/3.9.5/picocli-3.9.5.jar:/home/jianqi/.m2/repository/antlr/antlr/2.7.7/antlr-2.7.7.jar:/home/jianqi/.m2/repository/org/antlr/antlr4-runtime/4.7.2/antlr4-runtime-4.7.2.jar:/home/jianqi/.m2/repository/com/google/guava/guava/27.1-jre/guava-27.1-jre.jar:/home/jianqi/.m2/repository/com/google/guava/failureaccess/1.0.1/failureaccess-1.0.1.jar:/home/jianqi/.m2/repository/com/google/guava/listenablefuture/9999.0-empty-to-avoid-conflict-with-guava/listenablefuture-9999.0-empty-to-avoid-conflict-with-guava.jar:/home/jianqi/.m2/repository/org/checkerframework/checker-qual/2.5.2/checker-qual-2.5.2.jar:/home/jianqi/.m2/repository/com/google/errorprone/error_prone_annotations/2.2.0/error_prone_annotations-2.2.0.jar:/home/jianqi/.m2/repository/com/google/j2objc/j2objc-annotations/1.1/j2objc-annotations-1.1.jar:/home/jianqi/.m2/repository/org/codehaus/mojo/animal-sniffer-annotations/1.17/animal-sniffer-annotations-1.17.jar:/home/jianqi/.m2/repository/net/sf/saxon/Saxon-HE/9.9.1-2/Saxon-HE-9.9.1-2.jar:/home/jianqi/.m2/repository/com/ibm/icu/icu4j/63.1/icu4j-63.1.jar:/home/jianqi/.m2/repository/org/apache/velocity/velocity/1.5/velocity-1.5.jar:/home/jianqi/.m2/repository/commons-lang/commons-lang/2.1/commons-lang-2.1.jar:/home/jianqi/.m2/repository/oro/oro/2.0.8/oro-2.0.8.jar:/home/jianqi/.m2/repository/commons-collections/commons-collections/3.2.1/commons-collections-3.2.1.jar:/home/jianqi/.m2/repository/javax/xml/bind/jaxb-api/2.3.1/jaxb-api-2.3.1.jar:/home/jianqi/.m2/repository/javax/activation/javax.activation-api/1.2.0/javax.activation-api-1.2.0.jar:/home/jianqi/.m2/repository/org/apache/maven/plugins/maven-source-plugin/3.2.1/maven-source-plugin-3.2.1.jar:/home/jianqi/.m2/repository/org/apache/maven/maven-archiver/3.5.0/maven-archiver-3.5.0.jar:/home/jianqi/.m2/repository/org/codehaus/plexus/plexus-archiver/4.2.1/plexus-archiver-4.2.1.jar:/home/jianqi/.m2/repository/org/apache/commons/commons-compress/1.19/commons-compress-1.19.jar:/home/jianqi/.m2/repository/org/iq80/snappy/snappy/0.4/snappy-0.4.jar:/home/jianqi/.m2/repository/org/tukaani/xz/1.8/xz-1.8.jar:/home/jianqi/.m2/repository/org/apache/maven/plugins/maven-javadoc-plugin/3.2.0/maven-javadoc-plugin-3.2.0.jar:/home/jianqi/.m2/repository/org/apache/maven/maven-settings/3.0/maven-settings-3.0.jar:/home/jianqi/.m2/repository/org/apache/maven/shared/maven-invoker/3.0.0/maven-invoker-3.0.0.jar:/home/jianqi/.m2/repository/org/apache/maven/shared/maven-common-artifact-filters/3.0.0/maven-common-artifact-filters-3.0.0.jar:/home/jianqi/.m2/repository/org/apache/maven/shared/maven-artifact-transfer/0.10.1/maven-artifact-transfer-0.10.1.jar:/home/jianqi/.m2/repository/commons-codec/commons-codec/1.15/commons-codec-1.15.jar:/home/jianqi/.m2/repository/org/apache/maven/wagon/wagon-provider-api/2.4/wagon-provider-api-2.4.jar:/home/jianqi/.m2/repository/org/apache/commons/commons-lang3/3.12.0/commons-lang3-3.12.0.jar:/home/jianqi/.m2/repository/commons-io/commons-io/2.5/commons-io-2.5.jar:/home/jianqi/.m2/repository/org/apache/httpcomponents/httpclient/4.5.13/httpclient-4.5.13.jar:/home/jianqi/.m2/repository/org/apache/httpcomponents/httpcore/4.4.15/httpcore-4.4.15.jar:/home/jianqi/.m2/repository/com/thoughtworks/qdox/qdox/2.0-M10/qdox-2.0-M10.jar:/home/jianqi/.m2/repository/org/codehaus/plexus/plexus-java/1.0.5/plexus-java-1.0.5.jar:/home/jianqi/.m2/repository/org/ow2/asm/asm/7.2/asm-7.2.jar:/home/jianqi/.m2/repository/org/codehaus/plexus/plexus-io/3.2.0/plexus-io-3.2.0.jar:/home/jianqi/.m2/repository/org/codehaus/plexus/plexus-interactivity-api/1.0-alpha-6/plexus-interactivity-api-1.0-alpha-6.jar:/home/jianqi/.m2/repository/org/apache/maven/plugins/maven-surefire-plugin/2.22.0/maven-surefire-plugin-2.22.0.jar:/home/jianqi/.m2/repository/org/apache/maven/surefire/maven-surefire-common/2.22.0/maven-surefire-common-2.22.0.jar:/home/jianqi/.m2/repository/org/apache/maven/plugin-tools/maven-plugin-annotations/3.5/maven-plugin-annotations-3.5.jar:/home/jianqi/.m2/repository/org/apache/maven/surefire/surefire-api/2.22.0/surefire-api-2.22.0.jar:/home/jianqi/.m2/repository/org/apache/maven/surefire/surefire-logger-api/2.22.0/surefire-logger-api-2.22.0.jar:/home/jianqi/.m2/repository/org/apache/maven/surefire/surefire-booter/2.22.0/surefire-booter-2.22.0.jar:/home/jianqi/.m2/repository/org/apache/maven/maven-plugin-descriptor/2.2.1/maven-plugin-descriptor-2.2.1.jar:/home/jianqi/.m2/repository/org/apache/maven/maven-project/2.2.1/maven-project-2.2.1.jar:/home/jianqi/.m2/repository/org/apache/maven/maven-profile/2.2.1/maven-profile-2.2.1.jar:/home/jianqi/.m2/repository/org/apache/maven/maven-artifact-manager/2.2.1/maven-artifact-manager-2.2.1.jar:/home/jianqi/.m2/repository/backport-util-concurrent/backport-util-concurrent/3.1/backport-util-concurrent-3.1.jar:/home/jianqi/.m2/repository/org/apache/maven/maven-plugin-registry/2.2.1/maven-plugin-registry-2.2.1.jar:/home/jianqi/.m2/repository/org/apache/maven/maven-toolchain/2.2.1/maven-toolchain-2.2.1.jar:"/>
    <property name="sun.cpu.endian" value="little"/>
    <property name="user.home" value="/home/jianqi"/>
    <property name="user.language" value="en"/>
    <property name="java.specification.vendor" value="Oracle Corporation"/>
    <property name="java.version.date" value="2021-10-19"/>
    <property name="java.home" value="/usr/lib/jvm/java-11-openjdk-amd64"/>
    <property name="file.separator" value="/"/>
    <property name="basedir" value="/home/jianqi/Documents/jianqi/Study/java/project/wx-shop"/>
    <property name="java.vm.compressedOopsMode" value="Zero based"/>
    <property name="line.separator" value="&#10;"/>
    <property name="java.specification.name" value="Java Platform API Specification"/>
    <property name="java.vm.specification.vendor" value="Oracle Corporation"/>
    <property name="java.awt.graphicsenv" value="sun.awt.X11GraphicsEnvironment"/>
    <property name="surefire.real.class.path" value="/home/jianqi/Documents/jianqi/Study/java/project/wx-shop/target/surefire/surefirebooter8649865539855544541.jar"/>
    <property name="sun.management.compiler" value="HotSpot 64-Bit Tiered Compilers"/>
    <property name="java.runtime.version" value="11.0.13+8-Ubuntu-0ubuntu1.20.04"/>
    <property name="user.name" value="jianqi"/>
    <property name="path.separator" value=":"/>
    <property name="os.version" value="5.4.0-100-generic"/>
    <property name="java.runtime.name" value="OpenJDK Runtime Environment"/>
    <property name="file.encoding" value="UTF-8"/>
    <property name="java.vm.name" value="OpenJDK 64-Bit Server VM"/>
    <property name="localRepository" value="/home/jianqi/.m2/repository"/>
    <property name="java.vendor.url.bug" value="https://bugs.launchpad.net/ubuntu/+source/openjdk-lts"/>
    <property name="java.io.tmpdir" value="/tmp"/>
    <property name="java.version" value="11.0.13"/>
    <property name="user.dir" value="/home/jianqi/Documents/jianqi/Study/java/project/wx-shop"/>
    <property name="os.arch" value="amd64"/>
    <property name="java.vm.specification.name" value="Java Virtual Machine Specification"/>
    <property name="java.awt.printerjob" value="sun.print.PSPrinterJob"/>
    <property name="sun.os.patch.level" value="unknown"/>
    <property name="java.library.path" value="/usr/java/packages/lib:/usr/lib/x86_64-linux-gnu/jni:/lib/x86_64-linux-gnu:/usr/lib/x86_64-linux-gnu:/usr/lib/jni:/lib:/usr/lib"/>
    <property name="java.vm.info" value="mixed mode, sharing"/>
    <property name="java.vendor" value="Ubuntu"/>
    <property name="java.vm.version" value="11.0.13+8-Ubuntu-0ubuntu1.20.04"/>
    <property name="sun.io.unicode.encoding" value="UnicodeLittle"/>
    <property name="java.class.version" value="55.0"/>
  </properties>
  <testcase name="deleteGoodsFailIfUserIsNotShopOwner" classname="com.github.jianqibot.wxshop.service.GoodsServiceTest" time="0.55"/>
  <testcase name="insertGoodsSucceedIfUserIsShopOwner" classname="com.github.jianqibot.wxshop.service.GoodsServiceTest" time="0.007"/>
  <testcase name="updateGoodsSucceed" classname="com.github.jianqibot.wxshop.service.GoodsServiceTest" time="0.005"/>
  <testcase name="updateGoodsThrowNotFoundExceptionWhenItemNotFound" classname="com.github.jianqibot.wxshop.service.GoodsServiceTest" time="0.004"/>
  <testcase name="getGoodsSucceedIfPageNumLessThanTotalPage" classname="com.github.jianqibot.wxshop.service.GoodsServiceTest" time="0.006"/>
  <testcase name="getGoodsFailIfPageNumGreaterThanTotalPage" classname="com.github.jianqibot.wxshop.service.GoodsServiceTest" time="0.004"/>
  <testcase name="insertGoodsFailIfUserIsNotShopOwner" classname="com.github.jianqibot.wxshop.service.GoodsServiceTest" time="0.004"/>
  <testcase name="updateGoodsThrowNotAuthorizedExceptionWhenInvalidOwnership" classname="com.github.jianqibot.wxshop.service.GoodsServiceTest" time="0.004"/>
  <testcase name="deleteGoodsSucceedIfUserIsShopOwner" classname="com.github.jianqibot.wxshop.service.GoodsServiceTest" time="0.006"/>
</testsuite>